{"/Users/vince/Desktop/ Glovo 1/backend/src/server.js": {"path":"/Users/vince/Desktop/ Glovo 1/backend/src/server.js","statementMap":{"0":{"start":{"line":1,"column":16},"end":{"line":1,"column":34}},"1":{"start":{"line":2,"column":22},"end":{"line":2,"column":51}},"2":{"start":{"line":3,"column":13},"end":{"line":3,"column":28}},"3":{"start":{"line":4,"column":15},"end":{"line":4,"column":32}},"4":{"start":{"line":5,"column":0},"end":{"line":5,"column":16}},"5":{"start":{"line":6,"column":12},"end":{"line":6,"column":21}},"6":{"start":{"line":8,"column":26},"end":{"line":8,"column":68}},"7":{"start":{"line":9,"column":22},"end":{"line":9,"column":55}},"8":{"start":{"line":10,"column":19},"end":{"line":10,"column":49}},"9":{"start":{"line":11,"column":19},"end":{"line":11,"column":43}},"10":{"start":{"line":12,"column":20},"end":{"line":12,"column":51}},"11":{"start":{"line":14,"column":0},"end":{"line":14,"column":16}},"12":{"start":{"line":15,"column":0},"end":{"line":15,"column":24}},"13":{"start":{"line":16,"column":0},"end":{"line":16,"column":27}},"14":{"start":{"line":17,"column":0},"end":{"line":17,"column":23}},"15":{"start":{"line":18,"column":0},"end":{"line":18,"column":30}},"16":{"start":{"line":19,"column":0},"end":{"line":19,"column":20}},"17":{"start":{"line":20,"column":0},"end":{"line":20,"column":21}},"18":{"start":{"line":22,"column":0},"end":{"line":28,"column":1}},"19":{"start":{"line":23,"column":2},"end":{"line":27,"column":5}},"20":{"start":{"line":24,"column":4},"end":{"line":26,"column":5}},"21":{"start":{"line":25,"column":6},"end":{"line":25,"column":25}},"22":{"start":{"line":30,"column":0},"end":{"line":30,"column":18}}},"fnMap":{"0":{"name":"(anonymous_0)","decl":{"start":{"line":23,"column":19},"end":{"line":23,"column":20}},"loc":{"start":{"line":23,"column":36},"end":{"line":27,"column":3}},"line":23}},"branchMap":{"0":{"loc":{"start":{"line":22,"column":0},"end":{"line":28,"column":1}},"type":"if","locations":[{"start":{"line":22,"column":0},"end":{"line":28,"column":1}},{"start":{},"end":{}}],"line":22},"1":{"loc":{"start":{"line":24,"column":4},"end":{"line":26,"column":5}},"type":"if","locations":[{"start":{"line":24,"column":4},"end":{"line":26,"column":5}},{"start":{},"end":{}}],"line":24}},"s":{"0":3,"1":3,"2":3,"3":3,"4":3,"5":3,"6":3,"7":3,"8":3,"9":3,"10":3,"11":3,"12":3,"13":3,"14":3,"15":3,"16":3,"17":3,"18":3,"19":0,"20":0,"21":0,"22":3},"f":{"0":0},"b":{"0":[0,3],"1":[0,0]},"_coverageSchema":"1a1c01bbd47fc00a2c39e90264f33305004495a9","hash":"6321252b66b722b45c77c378dce886a13ce75bc5"}
,"/Users/vince/Desktop/ Glovo 1/backend/src/utils.js": {"path":"/Users/vince/Desktop/ Glovo 1/backend/src/utils.js","statementMap":{"0":{"start":{"line":1,"column":15},"end":{"line":1,"column":34}},"1":{"start":{"line":3,"column":21},"end":{"line":6,"column":1}},"2":{"start":{"line":4,"column":17},"end":{"line":4,"column":45}},"3":{"start":{"line":5,"column":2},"end":{"line":5,"column":16}},"4":{"start":{"line":8,"column":0},"end":{"line":10,"column":2}}},"fnMap":{"0":{"name":"(anonymous_0)","decl":{"start":{"line":3,"column":21},"end":{"line":3,"column":22}},"loc":{"start":{"line":3,"column":38},"end":{"line":6,"column":1}},"line":3}},"branchMap":{},"s":{"0":3,"1":3,"2":1,"3":1,"4":3},"f":{"0":1},"b":{},"_coverageSchema":"1a1c01bbd47fc00a2c39e90264f33305004495a9","hash":"710d0670e10633579f4228b43f87c3fb2b9fb41e"}
,"/Users/vince/Desktop/ Glovo 1/backend/src/controller/orderController.js": {"path":"/Users/vince/Desktop/ Glovo 1/backend/src/controller/orderController.js","statementMap":{"0":{"start":{"line":2,"column":14},"end":{"line":2,"column":46}},"1":{"start":{"line":5,"column":14},"end":{"line":5,"column":24}},"2":{"start":{"line":6,"column":14},"end":{"line":6,"column":55}},"3":{"start":{"line":7,"column":16},"end":{"line":7,"column":64}},"4":{"start":{"line":8,"column":15},"end":{"line":8,"column":32}},"5":{"start":{"line":9,"column":16},"end":{"line":9,"column":58}},"6":{"start":{"line":10,"column":18},"end":{"line":10,"column":62}},"7":{"start":{"line":11,"column":18},"end":{"line":11,"column":62}},"8":{"start":{"line":13,"column":24},"end":{"line":13,"column":80}},"9":{"start":{"line":15,"column":2},"end":{"line":15,"column":23}},"10":{"start":{"line":20,"column":0},"end":{"line":27,"column":2}},"11":{"start":{"line":21,"column":2},"end":{"line":26,"column":3}},"12":{"start":{"line":22,"column":19},"end":{"line":22,"column":37}},"13":{"start":{"line":23,"column":4},"end":{"line":23,"column":21}},"14":{"start":{"line":25,"column":4},"end":{"line":25,"column":64}},"15":{"start":{"line":31,"column":0},"end":{"line":43,"column":2}},"16":{"start":{"line":32,"column":18},"end":{"line":32,"column":31}},"17":{"start":{"line":33,"column":2},"end":{"line":42,"column":3}},"18":{"start":{"line":34,"column":18},"end":{"line":34,"column":47}},"19":{"start":{"line":35,"column":4},"end":{"line":39,"column":5}},"20":{"start":{"line":36,"column":6},"end":{"line":36,"column":22}},"21":{"start":{"line":38,"column":6},"end":{"line":38,"column":57}},"22":{"start":{"line":41,"column":4},"end":{"line":41,"column":61}},"23":{"start":{"line":47,"column":0},"end":{"line":83,"column":2}},"24":{"start":{"line":48,"column":15},"end":{"line":48,"column":23}},"25":{"start":{"line":50,"column":2},"end":{"line":82,"column":3}},"26":{"start":{"line":51,"column":4},"end":{"line":51,"column":79}},"27":{"start":{"line":53,"column":4},"end":{"line":81,"column":5}},"28":{"start":{"line":54,"column":23},"end":{"line":61,"column":8}},"29":{"start":{"line":63,"column":27},"end":{"line":63,"column":48}},"30":{"start":{"line":65,"column":6},"end":{"line":75,"column":9}},"31":{"start":{"line":77,"column":6},"end":{"line":80,"column":9}},"32":{"start":{"line":87,"column":0},"end":{"line":102,"column":2}},"33":{"start":{"line":88,"column":18},"end":{"line":88,"column":31}},"34":{"start":{"line":89,"column":17},"end":{"line":89,"column":25}},"35":{"start":{"line":90,"column":2},"end":{"line":101,"column":3}},"36":{"start":{"line":91,"column":25},"end":{"line":93,"column":6}},"37":{"start":{"line":94,"column":4},"end":{"line":98,"column":5}},"38":{"start":{"line":95,"column":6},"end":{"line":95,"column":73}},"39":{"start":{"line":97,"column":6},"end":{"line":97,"column":57}},"40":{"start":{"line":100,"column":4},"end":{"line":100,"column":61}},"41":{"start":{"line":106,"column":0},"end":{"line":118,"column":2}},"42":{"start":{"line":107,"column":18},"end":{"line":107,"column":31}},"43":{"start":{"line":108,"column":2},"end":{"line":117,"column":3}},"44":{"start":{"line":109,"column":25},"end":{"line":109,"column":63}},"45":{"start":{"line":110,"column":4},"end":{"line":114,"column":5}},"46":{"start":{"line":111,"column":6},"end":{"line":111,"column":72}},"47":{"start":{"line":113,"column":6},"end":{"line":113,"column":57}},"48":{"start":{"line":116,"column":4},"end":{"line":116,"column":61}},"49":{"start":{"line":120,"column":0},"end":{"line":128,"column":2}},"50":{"start":{"line":121,"column":24},"end":{"line":121,"column":48}},"51":{"start":{"line":122,"column":2},"end":{"line":127,"column":3}},"52":{"start":{"line":123,"column":19},"end":{"line":123,"column":67}},"53":{"start":{"line":124,"column":4},"end":{"line":124,"column":21}},"54":{"start":{"line":126,"column":4},"end":{"line":126,"column":61}},"55":{"start":{"line":130,"column":0},"end":{"line":139,"column":2}},"56":{"start":{"line":131,"column":17},"end":{"line":131,"column":34}},"57":{"start":{"line":132,"column":2},"end":{"line":137,"column":3}},"58":{"start":{"line":133,"column":19},"end":{"line":133,"column":53}},"59":{"start":{"line":134,"column":4},"end":{"line":134,"column":21}},"60":{"start":{"line":136,"column":4},"end":{"line":136,"column":61}}},"fnMap":{"0":{"name":"createDate","decl":{"start":{"line":4,"column":9},"end":{"line":4,"column":19}},"loc":{"start":{"line":4,"column":22},"end":{"line":16,"column":1}},"line":4},"1":{"name":"(anonymous_1)","decl":{"start":{"line":20,"column":20},"end":{"line":20,"column":21}},"loc":{"start":{"line":20,"column":40},"end":{"line":27,"column":1}},"line":20},"2":{"name":"(anonymous_2)","decl":{"start":{"line":31,"column":23},"end":{"line":31,"column":24}},"loc":{"start":{"line":31,"column":43},"end":{"line":43,"column":1}},"line":31},"3":{"name":"(anonymous_3)","decl":{"start":{"line":47,"column":22},"end":{"line":47,"column":23}},"loc":{"start":{"line":47,"column":42},"end":{"line":83,"column":1}},"line":47},"4":{"name":"(anonymous_4)","decl":{"start":{"line":87,"column":22},"end":{"line":87,"column":23}},"loc":{"start":{"line":87,"column":42},"end":{"line":102,"column":1}},"line":87},"5":{"name":"(anonymous_5)","decl":{"start":{"line":106,"column":22},"end":{"line":106,"column":23}},"loc":{"start":{"line":106,"column":42},"end":{"line":118,"column":1}},"line":106},"6":{"name":"(anonymous_6)","decl":{"start":{"line":120,"column":34},"end":{"line":120,"column":35}},"loc":{"start":{"line":120,"column":54},"end":{"line":128,"column":1}},"line":120},"7":{"name":"(anonymous_7)","decl":{"start":{"line":130,"column":28},"end":{"line":130,"column":29}},"loc":{"start":{"line":130,"column":48},"end":{"line":139,"column":1}},"line":130}},"branchMap":{"0":{"loc":{"start":{"line":35,"column":4},"end":{"line":39,"column":5}},"type":"if","locations":[{"start":{"line":35,"column":4},"end":{"line":39,"column":5}},{"start":{"line":37,"column":11},"end":{"line":39,"column":5}}],"line":35},"1":{"loc":{"start":{"line":50,"column":2},"end":{"line":82,"column":3}},"type":"if","locations":[{"start":{"line":50,"column":2},"end":{"line":82,"column":3}},{"start":{"line":52,"column":9},"end":{"line":82,"column":3}}],"line":50},"2":{"loc":{"start":{"line":94,"column":4},"end":{"line":98,"column":5}},"type":"if","locations":[{"start":{"line":94,"column":4},"end":{"line":98,"column":5}},{"start":{"line":96,"column":11},"end":{"line":98,"column":5}}],"line":94},"3":{"loc":{"start":{"line":110,"column":4},"end":{"line":114,"column":5}},"type":"if","locations":[{"start":{"line":110,"column":4},"end":{"line":114,"column":5}},{"start":{"line":112,"column":11},"end":{"line":114,"column":5}}],"line":110}},"s":{"0":3,"1":1,"2":1,"3":1,"4":1,"5":1,"6":1,"7":1,"8":1,"9":1,"10":3,"11":1,"12":1,"13":1,"14":0,"15":3,"16":0,"17":0,"18":0,"19":0,"20":0,"21":0,"22":0,"23":3,"24":1,"25":1,"26":0,"27":1,"28":1,"29":1,"30":0,"31":1,"32":3,"33":0,"34":0,"35":0,"36":0,"37":0,"38":0,"39":0,"40":0,"41":3,"42":0,"43":0,"44":0,"45":0,"46":0,"47":0,"48":0,"49":3,"50":0,"51":0,"52":0,"53":0,"54":0,"55":3,"56":0,"57":0,"58":0,"59":0,"60":0},"f":{"0":1,"1":1,"2":0,"3":1,"4":0,"5":0,"6":0,"7":0},"b":{"0":[0,0],"1":[0,1],"2":[0,0],"3":[0,0]},"_coverageSchema":"1a1c01bbd47fc00a2c39e90264f33305004495a9","hash":"36caafdcea07ffada94e78b7f3cf05b3481247c9"}
,"/Users/vince/Desktop/ Glovo 1/backend/src/controller/productController.js": {"path":"/Users/vince/Desktop/ Glovo 1/backend/src/controller/productController.js","statementMap":{"0":{"start":{"line":1,"column":16},"end":{"line":1,"column":50}},"1":{"start":{"line":5,"column":0},"end":{"line":12,"column":2}},"2":{"start":{"line":6,"column":2},"end":{"line":11,"column":3}},"3":{"start":{"line":7,"column":21},"end":{"line":7,"column":41}},"4":{"start":{"line":8,"column":4},"end":{"line":8,"column":23}},"5":{"start":{"line":10,"column":4},"end":{"line":10,"column":64}},"6":{"start":{"line":16,"column":0},"end":{"line":28,"column":2}},"7":{"start":{"line":17,"column":20},"end":{"line":17,"column":33}},"8":{"start":{"line":18,"column":2},"end":{"line":27,"column":3}},"9":{"start":{"line":19,"column":20},"end":{"line":19,"column":53}},"10":{"start":{"line":20,"column":4},"end":{"line":24,"column":5}},"11":{"start":{"line":21,"column":6},"end":{"line":21,"column":24}},"12":{"start":{"line":23,"column":6},"end":{"line":23,"column":59}},"13":{"start":{"line":26,"column":4},"end":{"line":26,"column":61}},"14":{"start":{"line":32,"column":0},"end":{"line":59,"column":2}},"15":{"start":{"line":33,"column":2},"end":{"line":33,"column":35}},"16":{"start":{"line":34,"column":2},"end":{"line":34,"column":24}},"17":{"start":{"line":35,"column":2},"end":{"line":58,"column":3}},"18":{"start":{"line":43,"column":8},"end":{"line":43,"column":16}},"19":{"start":{"line":44,"column":4},"end":{"line":53,"column":5}},"20":{"start":{"line":52,"column":6},"end":{"line":52,"column":72}},"21":{"start":{"line":54,"column":23},"end":{"line":54,"column":53}},"22":{"start":{"line":55,"column":4},"end":{"line":55,"column":37}},"23":{"start":{"line":57,"column":4},"end":{"line":57,"column":60}},"24":{"start":{"line":63,"column":0},"end":{"line":78,"column":2}},"25":{"start":{"line":64,"column":20},"end":{"line":64,"column":33}},"26":{"start":{"line":65,"column":17},"end":{"line":65,"column":25}},"27":{"start":{"line":66,"column":2},"end":{"line":77,"column":3}},"28":{"start":{"line":67,"column":27},"end":{"line":69,"column":6}},"29":{"start":{"line":70,"column":4},"end":{"line":74,"column":5}},"30":{"start":{"line":71,"column":6},"end":{"line":71,"column":77}},"31":{"start":{"line":73,"column":6},"end":{"line":73,"column":59}},"32":{"start":{"line":76,"column":4},"end":{"line":76,"column":61}},"33":{"start":{"line":82,"column":0},"end":{"line":94,"column":2}},"34":{"start":{"line":83,"column":20},"end":{"line":83,"column":33}},"35":{"start":{"line":84,"column":2},"end":{"line":93,"column":3}},"36":{"start":{"line":85,"column":27},"end":{"line":85,"column":69}},"37":{"start":{"line":86,"column":4},"end":{"line":90,"column":5}},"38":{"start":{"line":87,"column":6},"end":{"line":87,"column":76}},"39":{"start":{"line":89,"column":6},"end":{"line":89,"column":59}},"40":{"start":{"line":92,"column":4},"end":{"line":92,"column":61}},"41":{"start":{"line":96,"column":0},"end":{"line":104,"column":2}},"42":{"start":{"line":97,"column":24},"end":{"line":97,"column":48}},"43":{"start":{"line":98,"column":2},"end":{"line":103,"column":3}},"44":{"start":{"line":99,"column":22},"end":{"line":99,"column":72}},"45":{"start":{"line":100,"column":4},"end":{"line":100,"column":24}},"46":{"start":{"line":102,"column":4},"end":{"line":102,"column":61}}},"fnMap":{"0":{"name":"(anonymous_0)","decl":{"start":{"line":5,"column":22},"end":{"line":5,"column":23}},"loc":{"start":{"line":5,"column":42},"end":{"line":12,"column":1}},"line":5},"1":{"name":"(anonymous_1)","decl":{"start":{"line":16,"column":25},"end":{"line":16,"column":26}},"loc":{"start":{"line":16,"column":45},"end":{"line":28,"column":1}},"line":16},"2":{"name":"(anonymous_2)","decl":{"start":{"line":32,"column":24},"end":{"line":32,"column":25}},"loc":{"start":{"line":32,"column":44},"end":{"line":59,"column":1}},"line":32},"3":{"name":"(anonymous_3)","decl":{"start":{"line":63,"column":24},"end":{"line":63,"column":25}},"loc":{"start":{"line":63,"column":44},"end":{"line":78,"column":1}},"line":63},"4":{"name":"(anonymous_4)","decl":{"start":{"line":82,"column":24},"end":{"line":82,"column":25}},"loc":{"start":{"line":82,"column":44},"end":{"line":94,"column":1}},"line":82},"5":{"name":"(anonymous_5)","decl":{"start":{"line":96,"column":36},"end":{"line":96,"column":37}},"loc":{"start":{"line":96,"column":56},"end":{"line":104,"column":1}},"line":96}},"branchMap":{"0":{"loc":{"start":{"line":20,"column":4},"end":{"line":24,"column":5}},"type":"if","locations":[{"start":{"line":20,"column":4},"end":{"line":24,"column":5}},{"start":{"line":22,"column":11},"end":{"line":24,"column":5}}],"line":20},"1":{"loc":{"start":{"line":44,"column":4},"end":{"line":53,"column":5}},"type":"if","locations":[{"start":{"line":44,"column":4},"end":{"line":53,"column":5}},{"start":{},"end":{}}],"line":44},"2":{"loc":{"start":{"line":45,"column":6},"end":{"line":50,"column":19}},"type":"binary-expr","locations":[{"start":{"line":45,"column":6},"end":{"line":45,"column":13}},{"start":{"line":46,"column":6},"end":{"line":46,"column":18}},{"start":{"line":47,"column":6},"end":{"line":47,"column":13}},{"start":{"line":48,"column":6},"end":{"line":48,"column":16}},{"start":{"line":49,"column":6},"end":{"line":49,"column":21}},{"start":{"line":50,"column":6},"end":{"line":50,"column":19}}],"line":45},"3":{"loc":{"start":{"line":70,"column":4},"end":{"line":74,"column":5}},"type":"if","locations":[{"start":{"line":70,"column":4},"end":{"line":74,"column":5}},{"start":{"line":72,"column":11},"end":{"line":74,"column":5}}],"line":70},"4":{"loc":{"start":{"line":86,"column":4},"end":{"line":90,"column":5}},"type":"if","locations":[{"start":{"line":86,"column":4},"end":{"line":90,"column":5}},{"start":{"line":88,"column":11},"end":{"line":90,"column":5}}],"line":86}},"s":{"0":3,"1":3,"2":0,"3":0,"4":0,"5":0,"6":3,"7":0,"8":0,"9":0,"10":0,"11":0,"12":0,"13":0,"14":3,"15":0,"16":0,"17":0,"18":0,"19":0,"20":0,"21":0,"22":0,"23":0,"24":3,"25":0,"26":0,"27":0,"28":0,"29":0,"30":0,"31":0,"32":0,"33":3,"34":0,"35":0,"36":0,"37":0,"38":0,"39":0,"40":0,"41":3,"42":0,"43":0,"44":0,"45":0,"46":0},"f":{"0":0,"1":0,"2":0,"3":0,"4":0,"5":0},"b":{"0":[0,0],"1":[0,0],"2":[0,0,0,0,0,0],"3":[0,0],"4":[0,0]},"_coverageSchema":"1a1c01bbd47fc00a2c39e90264f33305004495a9","hash":"cf673a2eae998a375dc487a9067635993c88e8c6"}
,"/Users/vince/Desktop/ Glovo 1/backend/src/controller/restauranteController.js": {"path":"/Users/vince/Desktop/ Glovo 1/backend/src/controller/restauranteController.js","statementMap":{"0":{"start":{"line":1,"column":20},"end":{"line":1,"column":58}},"1":{"start":{"line":2,"column":15},"end":{"line":2,"column":34}},"2":{"start":{"line":3,"column":25},"end":{"line":3,"column":44}},"3":{"start":{"line":5,"column":0},"end":{"line":42,"column":2}},"4":{"start":{"line":6,"column":2},"end":{"line":41,"column":3}},"5":{"start":{"line":7,"column":32},"end":{"line":7,"column":40}},"6":{"start":{"line":8,"column":4},"end":{"line":11,"column":5}},"7":{"start":{"line":9,"column":6},"end":{"line":9,"column":67}},"8":{"start":{"line":10,"column":6},"end":{"line":10,"column":13}},"9":{"start":{"line":12,"column":23},"end":{"line":12,"column":54}},"10":{"start":{"line":13,"column":4},"end":{"line":17,"column":5}},"11":{"start":{"line":14,"column":6},"end":{"line":14,"column":37}},"12":{"start":{"line":15,"column":6},"end":{"line":15,"column":74}},"13":{"start":{"line":16,"column":6},"end":{"line":16,"column":13}},"14":{"start":{"line":18,"column":26},"end":{"line":18,"column":63}},"15":{"start":{"line":19,"column":4},"end":{"line":25,"column":5}},"16":{"start":{"line":20,"column":6},"end":{"line":23,"column":9}},"17":{"start":{"line":24,"column":6},"end":{"line":24,"column":13}},"18":{"start":{"line":26,"column":29},"end":{"line":26,"column":65}},"19":{"start":{"line":27,"column":4},"end":{"line":30,"column":5}},"20":{"start":{"line":28,"column":6},"end":{"line":28,"column":64}},"21":{"start":{"line":29,"column":6},"end":{"line":29,"column":13}},"22":{"start":{"line":32,"column":30},"end":{"line":32,"column":58}},"23":{"start":{"line":33,"column":27},"end":{"line":36,"column":6}},"24":{"start":{"line":38,"column":4},"end":{"line":38,"column":41}},"25":{"start":{"line":40,"column":4},"end":{"line":40,"column":49}},"26":{"start":{"line":44,"column":0},"end":{"line":51,"column":2}},"27":{"start":{"line":45,"column":2},"end":{"line":50,"column":3}},"28":{"start":{"line":46,"column":25},"end":{"line":46,"column":49}},"29":{"start":{"line":47,"column":4},"end":{"line":47,"column":27}},"30":{"start":{"line":49,"column":4},"end":{"line":49,"column":49}},"31":{"start":{"line":53,"column":0},"end":{"line":66,"column":2}},"32":{"start":{"line":54,"column":24},"end":{"line":54,"column":37}},"33":{"start":{"line":55,"column":2},"end":{"line":65,"column":3}},"34":{"start":{"line":56,"column":29},"end":{"line":56,"column":70}},"35":{"start":{"line":58,"column":4},"end":{"line":62,"column":5}},"36":{"start":{"line":59,"column":6},"end":{"line":59,"column":33}},"37":{"start":{"line":61,"column":6},"end":{"line":61,"column":63}},"38":{"start":{"line":64,"column":4},"end":{"line":64,"column":49}},"39":{"start":{"line":68,"column":0},"end":{"line":84,"column":2}},"40":{"start":{"line":69,"column":24},"end":{"line":69,"column":37}},"41":{"start":{"line":71,"column":2},"end":{"line":83,"column":3}},"42":{"start":{"line":72,"column":31},"end":{"line":74,"column":5}},"43":{"start":{"line":75,"column":4},"end":{"line":80,"column":68}},"44":{"start":{"line":76,"column":6},"end":{"line":79,"column":9}},"45":{"start":{"line":80,"column":11},"end":{"line":80,"column":68}},"46":{"start":{"line":82,"column":4},"end":{"line":82,"column":49}},"47":{"start":{"line":86,"column":0},"end":{"line":108,"column":2}},"48":{"start":{"line":87,"column":24},"end":{"line":87,"column":37}},"49":{"start":{"line":88,"column":18},"end":{"line":88,"column":26}},"50":{"start":{"line":90,"column":2},"end":{"line":107,"column":3}},"51":{"start":{"line":91,"column":31},"end":{"line":95,"column":5}},"52":{"start":{"line":97,"column":4},"end":{"line":104,"column":5}},"53":{"start":{"line":98,"column":6},"end":{"line":101,"column":9}},"54":{"start":{"line":103,"column":6},"end":{"line":103,"column":63}},"55":{"start":{"line":106,"column":4},"end":{"line":106,"column":49}}},"fnMap":{"0":{"name":"(anonymous_0)","decl":{"start":{"line":5,"column":28},"end":{"line":5,"column":29}},"loc":{"start":{"line":5,"column":48},"end":{"line":42,"column":1}},"line":5},"1":{"name":"(anonymous_1)","decl":{"start":{"line":44,"column":26},"end":{"line":44,"column":27}},"loc":{"start":{"line":44,"column":46},"end":{"line":51,"column":1}},"line":44},"2":{"name":"(anonymous_2)","decl":{"start":{"line":53,"column":29},"end":{"line":53,"column":30}},"loc":{"start":{"line":53,"column":49},"end":{"line":66,"column":1}},"line":53},"3":{"name":"(anonymous_3)","decl":{"start":{"line":68,"column":28},"end":{"line":68,"column":29}},"loc":{"start":{"line":68,"column":48},"end":{"line":84,"column":1}},"line":68},"4":{"name":"(anonymous_4)","decl":{"start":{"line":86,"column":28},"end":{"line":86,"column":29}},"loc":{"start":{"line":86,"column":48},"end":{"line":108,"column":1}},"line":86}},"branchMap":{"0":{"loc":{"start":{"line":8,"column":4},"end":{"line":11,"column":5}},"type":"if","locations":[{"start":{"line":8,"column":4},"end":{"line":11,"column":5}},{"start":{},"end":{}}],"line":8},"1":{"loc":{"start":{"line":8,"column":8},"end":{"line":8,"column":39}},"type":"binary-expr","locations":[{"start":{"line":8,"column":8},"end":{"line":8,"column":20}},{"start":{"line":8,"column":24},"end":{"line":8,"column":39}}],"line":8},"2":{"loc":{"start":{"line":13,"column":4},"end":{"line":17,"column":5}},"type":"if","locations":[{"start":{"line":13,"column":4},"end":{"line":17,"column":5}},{"start":{},"end":{}}],"line":13},"3":{"loc":{"start":{"line":19,"column":4},"end":{"line":25,"column":5}},"type":"if","locations":[{"start":{"line":19,"column":4},"end":{"line":25,"column":5}},{"start":{},"end":{}}],"line":19},"4":{"loc":{"start":{"line":27,"column":4},"end":{"line":30,"column":5}},"type":"if","locations":[{"start":{"line":27,"column":4},"end":{"line":30,"column":5}},{"start":{},"end":{}}],"line":27},"5":{"loc":{"start":{"line":58,"column":4},"end":{"line":62,"column":5}},"type":"if","locations":[{"start":{"line":58,"column":4},"end":{"line":62,"column":5}},{"start":{"line":60,"column":11},"end":{"line":62,"column":5}}],"line":58},"6":{"loc":{"start":{"line":75,"column":4},"end":{"line":80,"column":68}},"type":"if","locations":[{"start":{"line":75,"column":4},"end":{"line":80,"column":68}},{"start":{"line":80,"column":11},"end":{"line":80,"column":68}}],"line":75},"7":{"loc":{"start":{"line":97,"column":4},"end":{"line":104,"column":5}},"type":"if","locations":[{"start":{"line":97,"column":4},"end":{"line":104,"column":5}},{"start":{"line":102,"column":11},"end":{"line":104,"column":5}}],"line":97}},"s":{"0":3,"1":3,"2":3,"3":3,"4":1,"5":1,"6":1,"7":0,"8":0,"9":1,"10":1,"11":0,"12":0,"13":0,"14":1,"15":1,"16":0,"17":0,"18":1,"19":1,"20":0,"21":0,"22":1,"23":1,"24":1,"25":0,"26":3,"27":1,"28":1,"29":1,"30":0,"31":3,"32":1,"33":1,"34":1,"35":1,"36":1,"37":0,"38":0,"39":3,"40":1,"41":1,"42":1,"43":1,"44":1,"45":0,"46":0,"47":3,"48":1,"49":1,"50":1,"51":1,"52":1,"53":1,"54":0,"55":0},"f":{"0":1,"1":1,"2":1,"3":1,"4":1},"b":{"0":[0,1],"1":[1,1],"2":[0,1],"3":[0,1],"4":[0,1],"5":[1,0],"6":[1,0],"7":[1,0]},"_coverageSchema":"1a1c01bbd47fc00a2c39e90264f33305004495a9","hash":"a596a82eb3ade1218580914a55e617c586c73c60"}
,"/Users/vince/Desktop/ Glovo 1/backend/src/controller/usersController.js": {"path":"/Users/vince/Desktop/ Glovo 1/backend/src/controller/usersController.js","statementMap":{"0":{"start":{"line":1,"column":15},"end":{"line":1,"column":34}},"1":{"start":{"line":2,"column":13},"end":{"line":2,"column":45}},"2":{"start":{"line":4,"column":0},"end":{"line":25,"column":2}},"3":{"start":{"line":5,"column":2},"end":{"line":24,"column":3}},"4":{"start":{"line":6,"column":64},"end":{"line":6,"column":72}},"5":{"start":{"line":7,"column":4},"end":{"line":9,"column":5}},"6":{"start":{"line":8,"column":6},"end":{"line":8,"column":79}},"7":{"start":{"line":12,"column":20},"end":{"line":18,"column":6}},"8":{"start":{"line":20,"column":4},"end":{"line":20,"column":34}},"9":{"start":{"line":22,"column":4},"end":{"line":22,"column":50}},"10":{"start":{"line":23,"column":4},"end":{"line":23,"column":49}},"11":{"start":{"line":27,"column":0},"end":{"line":34,"column":2}},"12":{"start":{"line":28,"column":2},"end":{"line":33,"column":3}},"13":{"start":{"line":29,"column":18},"end":{"line":29,"column":35}},"14":{"start":{"line":30,"column":4},"end":{"line":30,"column":32}},"15":{"start":{"line":32,"column":4},"end":{"line":32,"column":51}},"16":{"start":{"line":36,"column":0},"end":{"line":45,"column":2}},"17":{"start":{"line":37,"column":2},"end":{"line":44,"column":3}},"18":{"start":{"line":38,"column":17},"end":{"line":38,"column":51}},"19":{"start":{"line":39,"column":4},"end":{"line":40,"column":72}},"20":{"start":{"line":40,"column":6},"end":{"line":40,"column":72}},"21":{"start":{"line":41,"column":4},"end":{"line":41,"column":19}},"22":{"start":{"line":43,"column":4},"end":{"line":43,"column":51}},"23":{"start":{"line":47,"column":0},"end":{"line":65,"column":2}},"24":{"start":{"line":48,"column":17},"end":{"line":48,"column":30}},"25":{"start":{"line":49,"column":18},"end":{"line":49,"column":26}},"26":{"start":{"line":51,"column":2},"end":{"line":64,"column":3}},"27":{"start":{"line":52,"column":24},"end":{"line":52,"column":84}},"28":{"start":{"line":54,"column":4},"end":{"line":61,"column":5}},"29":{"start":{"line":55,"column":6},"end":{"line":58,"column":9}},"30":{"start":{"line":60,"column":6},"end":{"line":60,"column":63}},"31":{"start":{"line":63,"column":4},"end":{"line":63,"column":49}},"32":{"start":{"line":67,"column":0},"end":{"line":76,"column":2}},"33":{"start":{"line":68,"column":2},"end":{"line":75,"column":3}},"34":{"start":{"line":69,"column":17},"end":{"line":69,"column":60}},"35":{"start":{"line":70,"column":4},"end":{"line":71,"column":72}},"36":{"start":{"line":71,"column":6},"end":{"line":71,"column":72}},"37":{"start":{"line":72,"column":4},"end":{"line":72,"column":47}},"38":{"start":{"line":74,"column":4},"end":{"line":74,"column":51}},"39":{"start":{"line":78,"column":0},"end":{"line":104,"column":2}},"40":{"start":{"line":79,"column":17},"end":{"line":79,"column":27}},"41":{"start":{"line":80,"column":43},"end":{"line":80,"column":51}},"42":{"start":{"line":82,"column":2},"end":{"line":103,"column":3}},"43":{"start":{"line":83,"column":19},"end":{"line":83,"column":42}},"44":{"start":{"line":84,"column":6},"end":{"line":86,"column":7}},"45":{"start":{"line":85,"column":10},"end":{"line":85,"column":74}},"46":{"start":{"line":89,"column":22},"end":{"line":89,"column":74}},"47":{"start":{"line":90,"column":6},"end":{"line":92,"column":7}},"48":{"start":{"line":91,"column":10},"end":{"line":91,"column":87}},"49":{"start":{"line":93,"column":6},"end":{"line":93,"column":82}},"50":{"start":{"line":96,"column":6},"end":{"line":96,"column":34}},"51":{"start":{"line":97,"column":6},"end":{"line":97,"column":24}},"52":{"start":{"line":98,"column":6},"end":{"line":98,"column":72}},"53":{"start":{"line":99,"column":6},"end":{"line":99,"column":75}},"54":{"start":{"line":101,"column":6},"end":{"line":101,"column":60}},"55":{"start":{"line":102,"column":6},"end":{"line":102,"column":68}},"56":{"start":{"line":169,"column":0},"end":{"line":187,"column":2}},"57":{"start":{"line":170,"column":2},"end":{"line":186,"column":3}},"58":{"start":{"line":171,"column":32},"end":{"line":171,"column":40}},"59":{"start":{"line":172,"column":17},"end":{"line":172,"column":46}},"60":{"start":{"line":173,"column":4},"end":{"line":175,"column":5}},"61":{"start":{"line":174,"column":6},"end":{"line":174,"column":73}},"62":{"start":{"line":177,"column":20},"end":{"line":177,"column":50}},"63":{"start":{"line":178,"column":4},"end":{"line":180,"column":5}},"64":{"start":{"line":179,"column":6},"end":{"line":179,"column":73}},"65":{"start":{"line":182,"column":18},"end":{"line":182,"column":36}},"66":{"start":{"line":183,"column":4},"end":{"line":183,"column":50}},"67":{"start":{"line":185,"column":4},"end":{"line":185,"column":66}}},"fnMap":{"0":{"name":"(anonymous_0)","decl":{"start":{"line":4,"column":21},"end":{"line":4,"column":22}},"loc":{"start":{"line":4,"column":41},"end":{"line":25,"column":1}},"line":4},"1":{"name":"(anonymous_1)","decl":{"start":{"line":27,"column":22},"end":{"line":27,"column":23}},"loc":{"start":{"line":27,"column":42},"end":{"line":34,"column":1}},"line":27},"2":{"name":"(anonymous_2)","decl":{"start":{"line":36,"column":22},"end":{"line":36,"column":23}},"loc":{"start":{"line":36,"column":42},"end":{"line":45,"column":1}},"line":36},"3":{"name":"(anonymous_3)","decl":{"start":{"line":47,"column":21},"end":{"line":47,"column":22}},"loc":{"start":{"line":47,"column":41},"end":{"line":65,"column":1}},"line":47},"4":{"name":"(anonymous_4)","decl":{"start":{"line":67,"column":21},"end":{"line":67,"column":22}},"loc":{"start":{"line":67,"column":41},"end":{"line":76,"column":1}},"line":67},"5":{"name":"(anonymous_5)","decl":{"start":{"line":78,"column":25},"end":{"line":78,"column":26}},"loc":{"start":{"line":78,"column":45},"end":{"line":104,"column":1}},"line":78},"6":{"name":"(anonymous_6)","decl":{"start":{"line":169,"column":20},"end":{"line":169,"column":21}},"loc":{"start":{"line":169,"column":40},"end":{"line":187,"column":1}},"line":169}},"branchMap":{"0":{"loc":{"start":{"line":7,"column":4},"end":{"line":9,"column":5}},"type":"if","locations":[{"start":{"line":7,"column":4},"end":{"line":9,"column":5}},{"start":{},"end":{}}],"line":7},"1":{"loc":{"start":{"line":39,"column":4},"end":{"line":40,"column":72}},"type":"if","locations":[{"start":{"line":39,"column":4},"end":{"line":40,"column":72}},{"start":{},"end":{}}],"line":39},"2":{"loc":{"start":{"line":54,"column":4},"end":{"line":61,"column":5}},"type":"if","locations":[{"start":{"line":54,"column":4},"end":{"line":61,"column":5}},{"start":{"line":59,"column":11},"end":{"line":61,"column":5}}],"line":54},"3":{"loc":{"start":{"line":70,"column":4},"end":{"line":71,"column":72}},"type":"if","locations":[{"start":{"line":70,"column":4},"end":{"line":71,"column":72}},{"start":{},"end":{}}],"line":70},"4":{"loc":{"start":{"line":84,"column":6},"end":{"line":86,"column":7}},"type":"if","locations":[{"start":{"line":84,"column":6},"end":{"line":86,"column":7}},{"start":{},"end":{}}],"line":84},"5":{"loc":{"start":{"line":90,"column":6},"end":{"line":92,"column":7}},"type":"if","locations":[{"start":{"line":90,"column":6},"end":{"line":92,"column":7}},{"start":{},"end":{}}],"line":90},"6":{"loc":{"start":{"line":173,"column":4},"end":{"line":175,"column":5}},"type":"if","locations":[{"start":{"line":173,"column":4},"end":{"line":175,"column":5}},{"start":{},"end":{}}],"line":173},"7":{"loc":{"start":{"line":178,"column":4},"end":{"line":180,"column":5}},"type":"if","locations":[{"start":{"line":178,"column":4},"end":{"line":180,"column":5}},{"start":{},"end":{}}],"line":178}},"s":{"0":3,"1":3,"2":3,"3":0,"4":0,"5":0,"6":0,"7":0,"8":0,"9":0,"10":0,"11":3,"12":0,"13":0,"14":0,"15":0,"16":3,"17":0,"18":0,"19":0,"20":0,"21":0,"22":0,"23":3,"24":0,"25":0,"26":0,"27":0,"28":0,"29":0,"30":0,"31":0,"32":3,"33":0,"34":0,"35":0,"36":0,"37":0,"38":0,"39":3,"40":0,"41":0,"42":0,"43":0,"44":0,"45":0,"46":0,"47":0,"48":0,"49":0,"50":0,"51":0,"52":0,"53":0,"54":0,"55":0,"56":3,"57":0,"58":0,"59":0,"60":0,"61":0,"62":0,"63":0,"64":0,"65":0,"66":0,"67":0},"f":{"0":0,"1":0,"2":0,"3":0,"4":0,"5":0,"6":0},"b":{"0":[0,0],"1":[0,0],"2":[0,0],"3":[0,0],"4":[0,0],"5":[0,0],"6":[0,0],"7":[0,0]},"_coverageSchema":"1a1c01bbd47fc00a2c39e90264f33305004495a9","hash":"3adca40db720a7508ea1e548061c6d6294488b2e"}
,"/Users/vince/Desktop/ Glovo 1/backend/src/mongo/connection/index.js": {"path":"/Users/vince/Desktop/ Glovo 1/backend/src/mongo/connection/index.js","statementMap":{"0":{"start":{"line":1,"column":17},"end":{"line":1,"column":36}},"1":{"start":{"line":2,"column":0},"end":{"line":2,"column":27}},"2":{"start":{"line":3,"column":17},"end":{"line":3,"column":38}},"3":{"start":{"line":4,"column":30},"end":{"line":4,"column":62}},"4":{"start":{"line":5,"column":14},"end":{"line":5,"column":18}},"5":{"start":{"line":7,"column":0},"end":{"line":29,"column":2}},"6":{"start":{"line":8,"column":2},"end":{"line":8,"column":37}},"7":{"start":{"line":10,"column":2},"end":{"line":28,"column":3}},"8":{"start":{"line":11,"column":16},"end":{"line":11,"column":37}},"9":{"start":{"line":13,"column":4},"end":{"line":16,"column":5}},"10":{"start":{"line":14,"column":6},"end":{"line":14,"column":49}},"11":{"start":{"line":15,"column":6},"end":{"line":15,"column":31}},"12":{"start":{"line":18,"column":4},"end":{"line":21,"column":7}},"13":{"start":{"line":27,"column":4},"end":{"line":27,"column":19}},"14":{"start":{"line":31,"column":0},"end":{"line":40,"column":2}},"15":{"start":{"line":32,"column":2},"end":{"line":39,"column":3}},"16":{"start":{"line":33,"column":4},"end":{"line":33,"column":38}},"17":{"start":{"line":34,"column":4},"end":{"line":36,"column":5}},"18":{"start":{"line":35,"column":6},"end":{"line":35,"column":27}},"19":{"start":{"line":38,"column":4},"end":{"line":38,"column":21}}},"fnMap":{"0":{"name":"(anonymous_0)","decl":{"start":{"line":7,"column":20},"end":{"line":7,"column":21}},"loc":{"start":{"line":7,"column":32},"end":{"line":29,"column":1}},"line":7},"1":{"name":"(anonymous_1)","decl":{"start":{"line":31,"column":23},"end":{"line":31,"column":24}},"loc":{"start":{"line":31,"column":35},"end":{"line":40,"column":1}},"line":31}},"branchMap":{"0":{"loc":{"start":{"line":13,"column":4},"end":{"line":16,"column":5}},"type":"if","locations":[{"start":{"line":13,"column":4},"end":{"line":16,"column":5}},{"start":{},"end":{}}],"line":13},"1":{"loc":{"start":{"line":34,"column":4},"end":{"line":36,"column":5}},"type":"if","locations":[{"start":{"line":34,"column":4},"end":{"line":36,"column":5}},{"start":{},"end":{}}],"line":34}},"s":{"0":3,"1":3,"2":3,"3":3,"4":3,"5":3,"6":3,"7":3,"8":3,"9":3,"10":3,"11":3,"12":3,"13":0,"14":3,"15":3,"16":3,"17":3,"18":3,"19":0},"f":{"0":3,"1":3},"b":{"0":[3,0],"1":[3,0]},"_coverageSchema":"1a1c01bbd47fc00a2c39e90264f33305004495a9","hash":"a257b340888627551ab1f138240755c7f32d13e7"}
,"/Users/vince/Desktop/ Glovo 1/backend/src/router/Auth.js": {"path":"/Users/vince/Desktop/ Glovo 1/backend/src/router/Auth.js","statementMap":{"0":{"start":{"line":1,"column":16},"end":{"line":1,"column":34}},"1":{"start":{"line":2,"column":12},"end":{"line":2,"column":35}},"2":{"start":{"line":3,"column":13},"end":{"line":3,"column":45}},"3":{"start":{"line":4,"column":18},"end":{"line":4,"column":40}},"4":{"start":{"line":6,"column":19},"end":{"line":6,"column":35}},"5":{"start":{"line":8,"column":0},"end":{"line":60,"column":3}},"6":{"start":{"line":9,"column":16},"end":{"line":9,"column":30}},"7":{"start":{"line":10,"column":15},"end":{"line":10,"column":23}},"8":{"start":{"line":11,"column":2},"end":{"line":11,"column":24}},"9":{"start":{"line":13,"column":2},"end":{"line":15,"column":3}},"10":{"start":{"line":14,"column":4},"end":{"line":14,"column":79}},"11":{"start":{"line":16,"column":2},"end":{"line":59,"column":7}},"12":{"start":{"line":19,"column":6},"end":{"line":19,"column":38}},"13":{"start":{"line":20,"column":6},"end":{"line":24,"column":7}},"14":{"start":{"line":21,"column":8},"end":{"line":23,"column":66}},"15":{"start":{"line":25,"column":6},"end":{"line":25,"column":24}},"16":{"start":{"line":26,"column":22},"end":{"line":32,"column":8}},"17":{"start":{"line":34,"column":6},"end":{"line":55,"column":11}},"18":{"start":{"line":37,"column":10},"end":{"line":37,"column":31}},"19":{"start":{"line":38,"column":10},"end":{"line":46,"column":13}},"20":{"start":{"line":49,"column":10},"end":{"line":54,"column":13}},"21":{"start":{"line":58,"column":6},"end":{"line":58,"column":58}},"22":{"start":{"line":62,"column":0},"end":{"line":114,"column":3}},"23":{"start":{"line":63,"column":16},"end":{"line":63,"column":30}},"24":{"start":{"line":64,"column":15},"end":{"line":64,"column":23}},"25":{"start":{"line":65,"column":2},"end":{"line":65,"column":24}},"26":{"start":{"line":67,"column":2},"end":{"line":69,"column":3}},"27":{"start":{"line":68,"column":4},"end":{"line":68,"column":79}},"28":{"start":{"line":70,"column":2},"end":{"line":113,"column":7}},"29":{"start":{"line":73,"column":6},"end":{"line":73,"column":38}},"30":{"start":{"line":74,"column":6},"end":{"line":78,"column":7}},"31":{"start":{"line":75,"column":8},"end":{"line":77,"column":66}},"32":{"start":{"line":79,"column":6},"end":{"line":79,"column":24}},"33":{"start":{"line":80,"column":22},"end":{"line":85,"column":8}},"34":{"start":{"line":87,"column":6},"end":{"line":109,"column":11}},"35":{"start":{"line":92,"column":10},"end":{"line":100,"column":13}},"36":{"start":{"line":103,"column":10},"end":{"line":108,"column":13}},"37":{"start":{"line":112,"column":6},"end":{"line":112,"column":58}},"38":{"start":{"line":116,"column":0},"end":{"line":161,"column":3}},"39":{"start":{"line":117,"column":30},"end":{"line":117,"column":38}},"40":{"start":{"line":119,"column":2},"end":{"line":123,"column":3}},"41":{"start":{"line":120,"column":4},"end":{"line":122,"column":63}},"42":{"start":{"line":124,"column":2},"end":{"line":160,"column":7}},"43":{"start":{"line":127,"column":6},"end":{"line":131,"column":7}},"44":{"start":{"line":128,"column":8},"end":{"line":130,"column":73}},"45":{"start":{"line":133,"column":6},"end":{"line":138,"column":7}},"46":{"start":{"line":135,"column":8},"end":{"line":137,"column":61}},"47":{"start":{"line":140,"column":6},"end":{"line":151,"column":9}},"48":{"start":{"line":154,"column":6},"end":{"line":159,"column":9}},"49":{"start":{"line":163,"column":0},"end":{"line":163,"column":28}}},"fnMap":{"0":{"name":"(anonymous_0)","decl":{"start":{"line":8,"column":29},"end":{"line":8,"column":30}},"loc":{"start":{"line":8,"column":43},"end":{"line":60,"column":1}},"line":8},"1":{"name":"(anonymous_1)","decl":{"start":{"line":18,"column":10},"end":{"line":18,"column":11}},"loc":{"start":{"line":18,"column":20},"end":{"line":56,"column":5}},"line":18},"2":{"name":"(anonymous_2)","decl":{"start":{"line":36,"column":14},"end":{"line":36,"column":15}},"loc":{"start":{"line":36,"column":31},"end":{"line":47,"column":9}},"line":36},"3":{"name":"(anonymous_3)","decl":{"start":{"line":48,"column":15},"end":{"line":48,"column":16}},"loc":{"start":{"line":48,"column":24},"end":{"line":55,"column":9}},"line":48},"4":{"name":"(anonymous_4)","decl":{"start":{"line":57,"column":11},"end":{"line":57,"column":12}},"loc":{"start":{"line":57,"column":20},"end":{"line":59,"column":5}},"line":57},"5":{"name":"(anonymous_5)","decl":{"start":{"line":62,"column":40},"end":{"line":62,"column":41}},"loc":{"start":{"line":62,"column":54},"end":{"line":114,"column":1}},"line":62},"6":{"name":"(anonymous_6)","decl":{"start":{"line":72,"column":10},"end":{"line":72,"column":11}},"loc":{"start":{"line":72,"column":20},"end":{"line":110,"column":5}},"line":72},"7":{"name":"(anonymous_7)","decl":{"start":{"line":89,"column":14},"end":{"line":89,"column":15}},"loc":{"start":{"line":89,"column":31},"end":{"line":101,"column":9}},"line":89},"8":{"name":"(anonymous_8)","decl":{"start":{"line":102,"column":15},"end":{"line":102,"column":16}},"loc":{"start":{"line":102,"column":24},"end":{"line":109,"column":9}},"line":102},"9":{"name":"(anonymous_9)","decl":{"start":{"line":111,"column":11},"end":{"line":111,"column":12}},"loc":{"start":{"line":111,"column":20},"end":{"line":113,"column":5}},"line":111},"10":{"name":"(anonymous_10)","decl":{"start":{"line":116,"column":26},"end":{"line":116,"column":27}},"loc":{"start":{"line":116,"column":46},"end":{"line":161,"column":1}},"line":116},"11":{"name":"(anonymous_11)","decl":{"start":{"line":125,"column":10},"end":{"line":125,"column":11}},"loc":{"start":{"line":125,"column":25},"end":{"line":152,"column":5}},"line":125},"12":{"name":"(anonymous_12)","decl":{"start":{"line":153,"column":11},"end":{"line":153,"column":12}},"loc":{"start":{"line":153,"column":20},"end":{"line":160,"column":5}},"line":153}},"branchMap":{"0":{"loc":{"start":{"line":13,"column":2},"end":{"line":15,"column":3}},"type":"if","locations":[{"start":{"line":13,"column":2},"end":{"line":15,"column":3}},{"start":{},"end":{}}],"line":13},"1":{"loc":{"start":{"line":20,"column":6},"end":{"line":24,"column":7}},"type":"if","locations":[{"start":{"line":20,"column":6},"end":{"line":24,"column":7}},{"start":{},"end":{}}],"line":20},"2":{"loc":{"start":{"line":67,"column":2},"end":{"line":69,"column":3}},"type":"if","locations":[{"start":{"line":67,"column":2},"end":{"line":69,"column":3}},{"start":{},"end":{}}],"line":67},"3":{"loc":{"start":{"line":74,"column":6},"end":{"line":78,"column":7}},"type":"if","locations":[{"start":{"line":74,"column":6},"end":{"line":78,"column":7}},{"start":{},"end":{}}],"line":74},"4":{"loc":{"start":{"line":119,"column":2},"end":{"line":123,"column":3}},"type":"if","locations":[{"start":{"line":119,"column":2},"end":{"line":123,"column":3}},{"start":{},"end":{}}],"line":119},"5":{"loc":{"start":{"line":119,"column":6},"end":{"line":119,"column":25}},"type":"binary-expr","locations":[{"start":{"line":119,"column":6},"end":{"line":119,"column":12}},{"start":{"line":119,"column":16},"end":{"line":119,"column":25}}],"line":119},"6":{"loc":{"start":{"line":127,"column":6},"end":{"line":131,"column":7}},"type":"if","locations":[{"start":{"line":127,"column":6},"end":{"line":131,"column":7}},{"start":{},"end":{}}],"line":127},"7":{"loc":{"start":{"line":133,"column":6},"end":{"line":138,"column":7}},"type":"if","locations":[{"start":{"line":133,"column":6},"end":{"line":138,"column":7}},{"start":{},"end":{}}],"line":133}},"s":{"0":3,"1":3,"2":3,"3":3,"4":3,"5":3,"6":0,"7":0,"8":0,"9":0,"10":0,"11":0,"12":0,"13":0,"14":0,"15":0,"16":0,"17":0,"18":0,"19":0,"20":0,"21":0,"22":3,"23":0,"24":0,"25":0,"26":0,"27":0,"28":0,"29":0,"30":0,"31":0,"32":0,"33":0,"34":0,"35":0,"36":0,"37":0,"38":3,"39":0,"40":0,"41":0,"42":0,"43":0,"44":0,"45":0,"46":0,"47":0,"48":0,"49":3},"f":{"0":0,"1":0,"2":0,"3":0,"4":0,"5":0,"6":0,"7":0,"8":0,"9":0,"10":0,"11":0,"12":0},"b":{"0":[0,0],"1":[0,0],"2":[0,0],"3":[0,0],"4":[0,0],"5":[0,0],"6":[0,0],"7":[0,0]},"_coverageSchema":"1a1c01bbd47fc00a2c39e90264f33305004495a9","hash":"3303ac4b58c5d635f94eb5575c8f2c039ad43e6f"}
,"/Users/vince/Desktop/ Glovo 1/backend/src/router/UserRoutes.js": {"path":"/Users/vince/Desktop/ Glovo 1/backend/src/router/UserRoutes.js","statementMap":{"0":{"start":{"line":1,"column":16},"end":{"line":1,"column":34}},"1":{"start":{"line":2,"column":15},"end":{"line":2,"column":39}},"2":{"start":{"line":4,"column":23},"end":{"line":4,"column":63}},"3":{"start":{"line":5,"column":26},"end":{"line":5,"column":52}},"4":{"start":{"line":7,"column":0},"end":{"line":7,"column":26}},"5":{"start":{"line":8,"column":0},"end":{"line":8,"column":44}},"6":{"start":{"line":9,"column":0},"end":{"line":9,"column":44}},"7":{"start":{"line":10,"column":0},"end":{"line":10,"column":47}},"8":{"start":{"line":11,"column":0},"end":{"line":11,"column":48}},"9":{"start":{"line":12,"column":0},"end":{"line":12,"column":49}},"10":{"start":{"line":13,"column":0},"end":{"line":13,"column":68}},"11":{"start":{"line":15,"column":0},"end":{"line":15,"column":24}}},"fnMap":{},"branchMap":{},"s":{"0":3,"1":3,"2":3,"3":3,"4":3,"5":3,"6":3,"7":3,"8":3,"9":3,"10":3,"11":3},"f":{},"b":{},"_coverageSchema":"1a1c01bbd47fc00a2c39e90264f33305004495a9","hash":"9b12d4f6bafea8503eb19e2edd11c2004afaf93f"}
,"/Users/vince/Desktop/ Glovo 1/backend/src/router/orderRoutes.js": {"path":"/Users/vince/Desktop/ Glovo 1/backend/src/router/orderRoutes.js","statementMap":{"0":{"start":{"line":2,"column":16},"end":{"line":2,"column":34}},"1":{"start":{"line":3,"column":15},"end":{"line":3,"column":31}},"2":{"start":{"line":4,"column":24},"end":{"line":4,"column":64}},"3":{"start":{"line":6,"column":0},"end":{"line":6,"column":49}},"4":{"start":{"line":7,"column":0},"end":{"line":7,"column":56}},"5":{"start":{"line":8,"column":0},"end":{"line":8,"column":52}},"6":{"start":{"line":9,"column":0},"end":{"line":9,"column":57}},"7":{"start":{"line":10,"column":0},"end":{"line":10,"column":58}},"8":{"start":{"line":11,"column":0},"end":{"line":14,"column":2}},"9":{"start":{"line":15,"column":0},"end":{"line":15,"column":71}},"10":{"start":{"line":17,"column":0},"end":{"line":17,"column":24}}},"fnMap":{},"branchMap":{},"s":{"0":3,"1":3,"2":3,"3":3,"4":3,"5":3,"6":3,"7":3,"8":3,"9":3,"10":3},"f":{},"b":{},"_coverageSchema":"1a1c01bbd47fc00a2c39e90264f33305004495a9","hash":"c87ed6fc174a5bab5dbd41eb1c3bad03cb9d70f4"}
,"/Users/vince/Desktop/ Glovo 1/backend/src/router/productRoutes.js": {"path":"/Users/vince/Desktop/ Glovo 1/backend/src/router/productRoutes.js","statementMap":{"0":{"start":{"line":1,"column":16},"end":{"line":1,"column":34}},"1":{"start":{"line":2,"column":15},"end":{"line":2,"column":31}},"2":{"start":{"line":3,"column":26},"end":{"line":3,"column":68}},"3":{"start":{"line":5,"column":0},"end":{"line":5,"column":55}},"4":{"start":{"line":6,"column":0},"end":{"line":6,"column":62}},"5":{"start":{"line":7,"column":0},"end":{"line":7,"column":58}},"6":{"start":{"line":8,"column":0},"end":{"line":8,"column":63}},"7":{"start":{"line":9,"column":0},"end":{"line":9,"column":64}},"8":{"start":{"line":10,"column":0},"end":{"line":13,"column":2}},"9":{"start":{"line":15,"column":0},"end":{"line":15,"column":24}}},"fnMap":{},"branchMap":{},"s":{"0":3,"1":3,"2":3,"3":3,"4":3,"5":3,"6":3,"7":3,"8":3,"9":3},"f":{},"b":{},"_coverageSchema":"1a1c01bbd47fc00a2c39e90264f33305004495a9","hash":"5677f0da5f3e94e97e9df4a5ffffafdd57032fe1"}
,"/Users/vince/Desktop/ Glovo 1/backend/src/router/restauranteRoutes.js": {"path":"/Users/vince/Desktop/ Glovo 1/backend/src/router/restauranteRoutes.js","statementMap":{"0":{"start":{"line":1,"column":16},"end":{"line":1,"column":34}},"1":{"start":{"line":2,"column":15},"end":{"line":2,"column":31}},"2":{"start":{"line":3,"column":30},"end":{"line":3,"column":76}},"3":{"start":{"line":5,"column":0},"end":{"line":5,"column":70}},"4":{"start":{"line":6,"column":0},"end":{"line":6,"column":67}},"5":{"start":{"line":7,"column":0},"end":{"line":7,"column":74}},"6":{"start":{"line":8,"column":0},"end":{"line":8,"column":76}},"7":{"start":{"line":9,"column":0},"end":{"line":9,"column":75}},"8":{"start":{"line":11,"column":0},"end":{"line":11,"column":24}}},"fnMap":{},"branchMap":{},"s":{"0":3,"1":3,"2":3,"3":3,"4":3,"5":3,"6":3,"7":3,"8":3},"f":{},"b":{},"_coverageSchema":"1a1c01bbd47fc00a2c39e90264f33305004495a9","hash":"d2aae472399de2df166c876352cea3da154ca197"}
,"/Users/vince/Desktop/ Glovo 1/backend/src/schema/ProductSchema.js": {"path":"/Users/vince/Desktop/ Glovo 1/backend/src/schema/ProductSchema.js","statementMap":{"0":{"start":{"line":1,"column":17},"end":{"line":1,"column":36}},"1":{"start":{"line":3,"column":22},"end":{"line":14,"column":2}},"2":{"start":{"line":16,"column":16},"end":{"line":16,"column":56}},"3":{"start":{"line":18,"column":0},"end":{"line":18,"column":25}}},"fnMap":{},"branchMap":{},"s":{"0":3,"1":3,"2":3,"3":3},"f":{},"b":{},"_coverageSchema":"1a1c01bbd47fc00a2c39e90264f33305004495a9","hash":"916f2f44df6e59546ec6873c6f63e4f5979e10bf"}
,"/Users/vince/Desktop/ Glovo 1/backend/src/schema/RestauranteSchema.js": {"path":"/Users/vince/Desktop/ Glovo 1/backend/src/schema/RestauranteSchema.js","statementMap":{"0":{"start":{"line":1,"column":17},"end":{"line":1,"column":36}},"1":{"start":{"line":3,"column":26},"end":{"line":21,"column":2}},"2":{"start":{"line":23,"column":20},"end":{"line":23,"column":68}},"3":{"start":{"line":24,"column":0},"end":{"line":24,"column":29}}},"fnMap":{},"branchMap":{},"s":{"0":3,"1":3,"2":3,"3":3},"f":{},"b":{},"_coverageSchema":"1a1c01bbd47fc00a2c39e90264f33305004495a9","hash":"a0a18267122fd245ee08ec1260896130724d1cd4"}
,"/Users/vince/Desktop/ Glovo 1/backend/src/schema/orderSchema.js": {"path":"/Users/vince/Desktop/ Glovo 1/backend/src/schema/orderSchema.js","statementMap":{"0":{"start":{"line":1,"column":17},"end":{"line":1,"column":36}},"1":{"start":{"line":3,"column":20},"end":{"line":16,"column":2}},"2":{"start":{"line":18,"column":14},"end":{"line":18,"column":50}},"3":{"start":{"line":19,"column":0},"end":{"line":19,"column":23}}},"fnMap":{},"branchMap":{},"s":{"0":3,"1":3,"2":3,"3":3},"f":{},"b":{},"_coverageSchema":"1a1c01bbd47fc00a2c39e90264f33305004495a9","hash":"fba4c05ba35b136fb81a7ecd1d9978a8d11b36b2"}
,"/Users/vince/Desktop/ Glovo 1/backend/src/schema/usersSchema.js": {"path":"/Users/vince/Desktop/ Glovo 1/backend/src/schema/usersSchema.js","statementMap":{"0":{"start":{"line":1,"column":26},"end":{"line":1,"column":45}},"1":{"start":{"line":2,"column":15},"end":{"line":2,"column":34}},"2":{"start":{"line":3,"column":12},"end":{"line":3,"column":35}},"3":{"start":{"line":4,"column":15},"end":{"line":4,"column":32}},"4":{"start":{"line":5,"column":0},"end":{"line":5,"column":16}},"5":{"start":{"line":6,"column":15},"end":{"line":6,"column":37}},"6":{"start":{"line":8,"column":19},"end":{"line":16,"column":2}},"7":{"start":{"line":19,"column":0},"end":{"line":37,"column":3}},"8":{"start":{"line":20,"column":15},"end":{"line":20,"column":19}},"9":{"start":{"line":23,"column":2},"end":{"line":23,"column":50}},"10":{"start":{"line":23,"column":36},"end":{"line":23,"column":50}},"11":{"start":{"line":26,"column":2},"end":{"line":36,"column":5}},"12":{"start":{"line":27,"column":4},"end":{"line":27,"column":30}},"13":{"start":{"line":27,"column":13},"end":{"line":27,"column":30}},"14":{"start":{"line":29,"column":4},"end":{"line":35,"column":7}},"15":{"start":{"line":30,"column":6},"end":{"line":30,"column":32}},"16":{"start":{"line":30,"column":15},"end":{"line":30,"column":32}},"17":{"start":{"line":33,"column":6},"end":{"line":33,"column":27}},"18":{"start":{"line":34,"column":6},"end":{"line":34,"column":13}},"19":{"start":{"line":39,"column":0},"end":{"line":41,"column":2}},"20":{"start":{"line":40,"column":2},"end":{"line":40,"column":53}},"21":{"start":{"line":44,"column":0},"end":{"line":60,"column":2}},"22":{"start":{"line":45,"column":16},"end":{"line":45,"column":26}},"23":{"start":{"line":46,"column":25},"end":{"line":46,"column":35}},"24":{"start":{"line":48,"column":2},"end":{"line":48,"column":47}},"25":{"start":{"line":50,"column":16},"end":{"line":55,"column":3}},"26":{"start":{"line":57,"column":2},"end":{"line":59,"column":5}},"27":{"start":{"line":62,"column":13},"end":{"line":62,"column":38}},"28":{"start":{"line":64,"column":0},"end":{"line":64,"column":22}}},"fnMap":{"0":{"name":"(anonymous_0)","decl":{"start":{"line":19,"column":23},"end":{"line":19,"column":24}},"loc":{"start":{"line":19,"column":39},"end":{"line":37,"column":1}},"line":19},"1":{"name":"(anonymous_1)","decl":{"start":{"line":26,"column":21},"end":{"line":26,"column":22}},"loc":{"start":{"line":26,"column":42},"end":{"line":36,"column":3}},"line":26},"2":{"name":"(anonymous_2)","decl":{"start":{"line":29,"column":37},"end":{"line":29,"column":38}},"loc":{"start":{"line":29,"column":58},"end":{"line":35,"column":5}},"line":29},"3":{"name":"(anonymous_3)","decl":{"start":{"line":39,"column":37},"end":{"line":39,"column":38}},"loc":{"start":{"line":39,"column":57},"end":{"line":41,"column":1}},"line":39},"4":{"name":"(anonymous_4)","decl":{"start":{"line":44,"column":33},"end":{"line":44,"column":34}},"loc":{"start":{"line":44,"column":45},"end":{"line":60,"column":1}},"line":44}},"branchMap":{"0":{"loc":{"start":{"line":23,"column":2},"end":{"line":23,"column":50}},"type":"if","locations":[{"start":{"line":23,"column":2},"end":{"line":23,"column":50}},{"start":{},"end":{}}],"line":23},"1":{"loc":{"start":{"line":27,"column":4},"end":{"line":27,"column":30}},"type":"if","locations":[{"start":{"line":27,"column":4},"end":{"line":27,"column":30}},{"start":{},"end":{}}],"line":27},"2":{"loc":{"start":{"line":30,"column":6},"end":{"line":30,"column":32}},"type":"if","locations":[{"start":{"line":30,"column":6},"end":{"line":30,"column":32}},{"start":{},"end":{}}],"line":30}},"s":{"0":3,"1":3,"2":3,"3":3,"4":3,"5":3,"6":3,"7":3,"8":0,"9":0,"10":0,"11":0,"12":0,"13":0,"14":0,"15":0,"16":0,"17":0,"18":0,"19":3,"20":0,"21":3,"22":0,"23":0,"24":0,"25":0,"26":0,"27":3,"28":3},"f":{"0":0,"1":0,"2":0,"3":0,"4":0},"b":{"0":[0,0],"1":[0,0],"2":[0,0]},"_coverageSchema":"1a1c01bbd47fc00a2c39e90264f33305004495a9","hash":"bdbe3d6b5db3f45375eef6d2e723b0fec10c3727"}
,"/Users/vince/Desktop/ Glovo 1/backend/src/security/jwt.js": {"path":"/Users/vince/Desktop/ Glovo 1/backend/src/security/jwt.js","statementMap":{"0":{"start":{"line":1,"column":12},"end":{"line":1,"column":35}},"1":{"start":{"line":2,"column":18},"end":{"line":2,"column":40}},"2":{"start":{"line":4,"column":22},"end":{"line":23,"column":3}},"3":{"start":{"line":5,"column":4},"end":{"line":5,"column":28}},"4":{"start":{"line":6,"column":23},"end":{"line":6,"column":48}},"5":{"start":{"line":7,"column":4},"end":{"line":7,"column":37}},"6":{"start":{"line":8,"column":4},"end":{"line":8,"column":89}},"7":{"start":{"line":8,"column":21},"end":{"line":8,"column":89}},"8":{"start":{"line":10,"column":4},"end":{"line":22,"column":9}},"9":{"start":{"line":11,"column":20},"end":{"line":11,"column":44}},"10":{"start":{"line":12,"column":6},"end":{"line":12,"column":24}},"11":{"start":{"line":13,"column":8},"end":{"line":20,"column":10}},"12":{"start":{"line":14,"column":10},"end":{"line":19,"column":11}},"13":{"start":{"line":15,"column":12},"end":{"line":15,"column":67}},"14":{"start":{"line":17,"column":12},"end":{"line":17,"column":36}},"15":{"start":{"line":18,"column":12},"end":{"line":18,"column":19}},"16":{"start":{"line":21,"column":10},"end":{"line":21,"column":68}},"17":{"start":{"line":27,"column":0},"end":{"line":29,"column":1}}},"fnMap":{"0":{"name":"(anonymous_0)","decl":{"start":{"line":4,"column":22},"end":{"line":4,"column":23}},"loc":{"start":{"line":4,"column":42},"end":{"line":23,"column":3}},"line":4},"1":{"name":"(anonymous_1)","decl":{"start":{"line":13,"column":37},"end":{"line":13,"column":38}},"loc":{"start":{"line":13,"column":56},"end":{"line":20,"column":9}},"line":13}},"branchMap":{"0":{"loc":{"start":{"line":8,"column":4},"end":{"line":8,"column":89}},"type":"if","locations":[{"start":{"line":8,"column":4},"end":{"line":8,"column":89}},{"start":{},"end":{}}],"line":8},"1":{"loc":{"start":{"line":10,"column":4},"end":{"line":22,"column":9}},"type":"if","locations":[{"start":{"line":10,"column":4},"end":{"line":22,"column":9}},{"start":{"line":20,"column":15},"end":{"line":22,"column":9}}],"line":10},"2":{"loc":{"start":{"line":14,"column":10},"end":{"line":19,"column":11}},"type":"if","locations":[{"start":{"line":14,"column":10},"end":{"line":19,"column":11}},{"start":{"line":16,"column":15},"end":{"line":19,"column":11}}],"line":14}},"s":{"0":3,"1":3,"2":3,"3":2,"4":2,"5":2,"6":2,"7":2,"8":0,"9":0,"10":0,"11":0,"12":0,"13":0,"14":0,"15":0,"16":0,"17":3},"f":{"0":2,"1":0},"b":{"0":[2,0],"1":[0,0],"2":[0,0]},"_coverageSchema":"1a1c01bbd47fc00a2c39e90264f33305004495a9","hash":"26bb36c2c39c48c3f17fb0f06c176d674beccd44"}
}
