TN:
SF:backend/src/server.js
FN:23,(anonymous_0)
FNF:1
FNH:0
FNDA:0,(anonymous_0)
DA:1,3
DA:2,3
DA:3,3
DA:4,3
DA:5,3
DA:6,3
DA:8,3
DA:9,3
DA:10,3
DA:11,3
DA:12,3
DA:14,3
DA:15,3
DA:16,3
DA:17,3
DA:18,3
DA:19,3
DA:20,3
DA:22,3
DA:23,0
DA:24,0
DA:25,0
DA:30,3
LF:23
LH:20
BRDA:22,0,0,0
BRDA:22,0,1,3
BRDA:24,1,0,0
BRDA:24,1,1,0
BRF:4
BRH:1
end_of_record
TN:
SF:backend/src/utils.js
FN:3,(anonymous_0)
FNF:1
FNH:1
FNDA:1,(anonymous_0)
DA:1,3
DA:3,3
DA:4,1
DA:5,1
DA:8,3
LF:5
LH:5
BRF:0
BRH:0
end_of_record
TN:
SF:backend/src/controller/orderController.js
FN:4,createDate
FN:20,(anonymous_1)
FN:31,(anonymous_2)
FN:47,(anonymous_3)
FN:87,(anonymous_4)
FN:106,(anonymous_5)
FN:120,(anonymous_6)
FN:130,(anonymous_7)
FNF:8
FNH:3
FNDA:1,createDate
FNDA:1,(anonymous_1)
FNDA:0,(anonymous_2)
FNDA:1,(anonymous_3)
FNDA:0,(anonymous_4)
FNDA:0,(anonymous_5)
FNDA:0,(anonymous_6)
FNDA:0,(anonymous_7)
DA:2,3
DA:5,1
DA:6,1
DA:7,1
DA:8,1
DA:9,1
DA:10,1
DA:11,1
DA:13,1
DA:15,1
DA:20,3
DA:21,1
DA:22,1
DA:23,1
DA:25,0
DA:31,3
DA:32,0
DA:33,0
DA:34,0
DA:35,0
DA:36,0
DA:38,0
DA:41,0
DA:47,3
DA:48,1
DA:50,1
DA:51,0
DA:53,1
DA:54,1
DA:63,1
DA:65,0
DA:77,1
DA:87,3
DA:88,0
DA:89,0
DA:90,0
DA:91,0
DA:94,0
DA:95,0
DA:97,0
DA:100,0
DA:106,3
DA:107,0
DA:108,0
DA:109,0
DA:110,0
DA:111,0
DA:113,0
DA:116,0
DA:120,3
DA:121,0
DA:122,0
DA:123,0
DA:124,0
DA:126,0
DA:130,3
DA:131,0
DA:132,0
DA:133,0
DA:134,0
DA:136,0
LF:61
LH:26
BRDA:35,0,0,0
BRDA:35,0,1,0
BRDA:50,1,0,0
BRDA:50,1,1,1
BRDA:94,2,0,0
BRDA:94,2,1,0
BRDA:110,3,0,0
BRDA:110,3,1,0
BRF:8
BRH:1
end_of_record
TN:
SF:backend/src/controller/productController.js
FN:5,(anonymous_0)
FN:16,(anonymous_1)
FN:32,(anonymous_2)
FN:63,(anonymous_3)
FN:82,(anonymous_4)
FN:96,(anonymous_5)
FNF:6
FNH:0
FNDA:0,(anonymous_0)
FNDA:0,(anonymous_1)
FNDA:0,(anonymous_2)
FNDA:0,(anonymous_3)
FNDA:0,(anonymous_4)
FNDA:0,(anonymous_5)
DA:1,3
DA:5,3
DA:6,0
DA:7,0
DA:8,0
DA:10,0
DA:16,3
DA:17,0
DA:18,0
DA:19,0
DA:20,0
DA:21,0
DA:23,0
DA:26,0
DA:32,3
DA:33,0
DA:34,0
DA:35,0
DA:43,0
DA:44,0
DA:52,0
DA:54,0
DA:55,0
DA:57,0
DA:63,3
DA:64,0
DA:65,0
DA:66,0
DA:67,0
DA:70,0
DA:71,0
DA:73,0
DA:76,0
DA:82,3
DA:83,0
DA:84,0
DA:85,0
DA:86,0
DA:87,0
DA:89,0
DA:92,0
DA:96,3
DA:97,0
DA:98,0
DA:99,0
DA:100,0
DA:102,0
LF:47
LH:7
BRDA:20,0,0,0
BRDA:20,0,1,0
BRDA:44,1,0,0
BRDA:44,1,1,0
BRDA:45,2,0,0
BRDA:45,2,1,0
BRDA:45,2,2,0
BRDA:45,2,3,0
BRDA:45,2,4,0
BRDA:45,2,5,0
BRDA:70,3,0,0
BRDA:70,3,1,0
BRDA:86,4,0,0
BRDA:86,4,1,0
BRF:14
BRH:0
end_of_record
TN:
SF:backend/src/controller/restauranteController.js
FN:5,(anonymous_0)
FN:44,(anonymous_1)
FN:53,(anonymous_2)
FN:68,(anonymous_3)
FN:86,(anonymous_4)
FNF:5
FNH:5
FNDA:1,(anonymous_0)
FNDA:1,(anonymous_1)
FNDA:1,(anonymous_2)
FNDA:1,(anonymous_3)
FNDA:1,(anonymous_4)
DA:1,3
DA:2,3
DA:3,3
DA:5,3
DA:6,1
DA:7,1
DA:8,1
DA:9,0
DA:10,0
DA:12,1
DA:13,1
DA:14,0
DA:15,0
DA:16,0
DA:18,1
DA:19,1
DA:20,0
DA:24,0
DA:26,1
DA:27,1
DA:28,0
DA:29,0
DA:32,1
DA:33,1
DA:38,1
DA:40,0
DA:44,3
DA:45,1
DA:46,1
DA:47,1
DA:49,0
DA:53,3
DA:54,1
DA:55,1
DA:56,1
DA:58,1
DA:59,1
DA:61,0
DA:64,0
DA:68,3
DA:69,1
DA:71,1
DA:72,1
DA:75,1
DA:76,1
DA:80,0
DA:82,0
DA:86,3
DA:87,1
DA:88,1
DA:90,1
DA:91,1
DA:97,1
DA:98,1
DA:103,0
DA:106,0
LF:56
LH:39
BRDA:8,0,0,0
BRDA:8,0,1,1
BRDA:8,1,0,1
BRDA:8,1,1,1
BRDA:13,2,0,0
BRDA:13,2,1,1
BRDA:19,3,0,0
BRDA:19,3,1,1
BRDA:27,4,0,0
BRDA:27,4,1,1
BRDA:58,5,0,1
BRDA:58,5,1,0
BRDA:75,6,0,1
BRDA:75,6,1,0
BRDA:97,7,0,1
BRDA:97,7,1,0
BRF:16
BRH:9
end_of_record
TN:
SF:backend/src/controller/usersController.js
FN:4,(anonymous_0)
FN:27,(anonymous_1)
FN:36,(anonymous_2)
FN:47,(anonymous_3)
FN:67,(anonymous_4)
FN:78,(anonymous_5)
FN:169,(anonymous_6)
FNF:7
FNH:0
FNDA:0,(anonymous_0)
FNDA:0,(anonymous_1)
FNDA:0,(anonymous_2)
FNDA:0,(anonymous_3)
FNDA:0,(anonymous_4)
FNDA:0,(anonymous_5)
FNDA:0,(anonymous_6)
DA:1,3
DA:2,3
DA:4,3
DA:5,0
DA:6,0
DA:7,0
DA:8,0
DA:12,0
DA:20,0
DA:22,0
DA:23,0
DA:27,3
DA:28,0
DA:29,0
DA:30,0
DA:32,0
DA:36,3
DA:37,0
DA:38,0
DA:39,0
DA:40,0
DA:41,0
DA:43,0
DA:47,3
DA:48,0
DA:49,0
DA:51,0
DA:52,0
DA:54,0
DA:55,0
DA:60,0
DA:63,0
DA:67,3
DA:68,0
DA:69,0
DA:70,0
DA:71,0
DA:72,0
DA:74,0
DA:78,3
DA:79,0
DA:80,0
DA:82,0
DA:83,0
DA:84,0
DA:85,0
DA:89,0
DA:90,0
DA:91,0
DA:93,0
DA:96,0
DA:97,0
DA:98,0
DA:99,0
DA:101,0
DA:102,0
DA:169,3
DA:170,0
DA:171,0
DA:172,0
DA:173,0
DA:174,0
DA:177,0
DA:178,0
DA:179,0
DA:182,0
DA:183,0
DA:185,0
LF:68
LH:9
BRDA:7,0,0,0
BRDA:7,0,1,0
BRDA:39,1,0,0
BRDA:39,1,1,0
BRDA:54,2,0,0
BRDA:54,2,1,0
BRDA:70,3,0,0
BRDA:70,3,1,0
BRDA:84,4,0,0
BRDA:84,4,1,0
BRDA:90,5,0,0
BRDA:90,5,1,0
BRDA:173,6,0,0
BRDA:173,6,1,0
BRDA:178,7,0,0
BRDA:178,7,1,0
BRF:16
BRH:0
end_of_record
TN:
SF:backend/src/mongo/connection/index.js
FN:7,(anonymous_0)
FN:31,(anonymous_1)
FNF:2
FNH:2
FNDA:3,(anonymous_0)
FNDA:3,(anonymous_1)
DA:1,3
DA:2,3
DA:3,3
DA:4,3
DA:5,3
DA:7,3
DA:8,3
DA:10,3
DA:11,3
DA:13,3
DA:14,3
DA:15,3
DA:18,3
DA:27,0
DA:31,3
DA:32,3
DA:33,3
DA:34,3
DA:35,3
DA:38,0
LF:20
LH:18
BRDA:13,0,0,3
BRDA:13,0,1,0
BRDA:34,1,0,3
BRDA:34,1,1,0
BRF:4
BRH:2
end_of_record
TN:
SF:backend/src/router/Auth.js
FN:8,(anonymous_0)
FN:18,(anonymous_1)
FN:36,(anonymous_2)
FN:48,(anonymous_3)
FN:57,(anonymous_4)
FN:62,(anonymous_5)
FN:72,(anonymous_6)
FN:89,(anonymous_7)
FN:102,(anonymous_8)
FN:111,(anonymous_9)
FN:116,(anonymous_10)
FN:125,(anonymous_11)
FN:153,(anonymous_12)
FNF:13
FNH:0
FNDA:0,(anonymous_0)
FNDA:0,(anonymous_1)
FNDA:0,(anonymous_2)
FNDA:0,(anonymous_3)
FNDA:0,(anonymous_4)
FNDA:0,(anonymous_5)
FNDA:0,(anonymous_6)
FNDA:0,(anonymous_7)
FNDA:0,(anonymous_8)
FNDA:0,(anonymous_9)
FNDA:0,(anonymous_10)
FNDA:0,(anonymous_11)
FNDA:0,(anonymous_12)
DA:1,3
DA:2,3
DA:3,3
DA:4,3
DA:6,3
DA:8,3
DA:9,0
DA:10,0
DA:11,0
DA:13,0
DA:14,0
DA:16,0
DA:19,0
DA:20,0
DA:21,0
DA:25,0
DA:26,0
DA:34,0
DA:37,0
DA:38,0
DA:49,0
DA:58,0
DA:62,3
DA:63,0
DA:64,0
DA:65,0
DA:67,0
DA:68,0
DA:70,0
DA:73,0
DA:74,0
DA:75,0
DA:79,0
DA:80,0
DA:87,0
DA:92,0
DA:103,0
DA:112,0
DA:116,3
DA:117,0
DA:119,0
DA:120,0
DA:124,0
DA:127,0
DA:128,0
DA:133,0
DA:135,0
DA:140,0
DA:154,0
DA:163,3
LF:50
LH:9
BRDA:13,0,0,0
BRDA:13,0,1,0
BRDA:20,1,0,0
BRDA:20,1,1,0
BRDA:67,2,0,0
BRDA:67,2,1,0
BRDA:74,3,0,0
BRDA:74,3,1,0
BRDA:119,4,0,0
BRDA:119,4,1,0
BRDA:119,5,0,0
BRDA:119,5,1,0
BRDA:127,6,0,0
BRDA:127,6,1,0
BRDA:133,7,0,0
BRDA:133,7,1,0
BRF:16
BRH:0
end_of_record
TN:
SF:backend/src/router/UserRoutes.js
FNF:0
FNH:0
DA:1,3
DA:2,3
DA:4,3
DA:5,3
DA:7,3
DA:8,3
DA:9,3
DA:10,3
DA:11,3
DA:12,3
DA:13,3
DA:15,3
LF:12
LH:12
BRF:0
BRH:0
end_of_record
TN:
SF:backend/src/router/orderRoutes.js
FNF:0
FNH:0
DA:2,3
DA:3,3
DA:4,3
DA:6,3
DA:7,3
DA:8,3
DA:9,3
DA:10,3
DA:11,3
DA:15,3
DA:17,3
LF:11
LH:11
BRF:0
BRH:0
end_of_record
TN:
SF:backend/src/router/productRoutes.js
FNF:0
FNH:0
DA:1,3
DA:2,3
DA:3,3
DA:5,3
DA:6,3
DA:7,3
DA:8,3
DA:9,3
DA:10,3
DA:15,3
LF:10
LH:10
BRF:0
BRH:0
end_of_record
TN:
SF:backend/src/router/restauranteRoutes.js
FNF:0
FNH:0
DA:1,3
DA:2,3
DA:3,3
DA:5,3
DA:6,3
DA:7,3
DA:8,3
DA:9,3
DA:11,3
LF:9
LH:9
BRF:0
BRH:0
end_of_record
TN:
SF:backend/src/schema/ProductSchema.js
FNF:0
FNH:0
DA:1,3
DA:3,3
DA:16,3
DA:18,3
LF:4
LH:4
BRF:0
BRH:0
end_of_record
TN:
SF:backend/src/schema/RestauranteSchema.js
FNF:0
FNH:0
DA:1,3
DA:3,3
DA:23,3
DA:24,3
LF:4
LH:4
BRF:0
BRH:0
end_of_record
TN:
SF:backend/src/schema/orderSchema.js
FNF:0
FNH:0
DA:1,3
DA:3,3
DA:18,3
DA:19,3
LF:4
LH:4
BRF:0
BRH:0
end_of_record
TN:
SF:backend/src/schema/usersSchema.js
FN:19,(anonymous_0)
FN:26,(anonymous_1)
FN:29,(anonymous_2)
FN:39,(anonymous_3)
FN:44,(anonymous_4)
FNF:5
FNH:0
FNDA:0,(anonymous_0)
FNDA:0,(anonymous_1)
FNDA:0,(anonymous_2)
FNDA:0,(anonymous_3)
FNDA:0,(anonymous_4)
DA:1,3
DA:2,3
DA:3,3
DA:4,3
DA:5,3
DA:6,3
DA:8,3
DA:19,3
DA:20,0
DA:23,0
DA:26,0
DA:27,0
DA:29,0
DA:30,0
DA:33,0
DA:34,0
DA:39,3
DA:40,0
DA:44,3
DA:45,0
DA:46,0
DA:48,0
DA:50,0
DA:57,0
DA:62,3
DA:64,3
LF:26
LH:12
BRDA:23,0,0,0
BRDA:23,0,1,0
BRDA:27,1,0,0
BRDA:27,1,1,0
BRDA:30,2,0,0
BRDA:30,2,1,0
BRF:6
BRH:0
end_of_record
TN:
SF:backend/src/security/jwt.js
FN:4,(anonymous_0)
FN:13,(anonymous_1)
FNF:2
FNH:1
FNDA:2,(anonymous_0)
FNDA:0,(anonymous_1)
DA:1,3
DA:2,3
DA:4,3
DA:5,2
DA:6,2
DA:7,2
DA:8,2
DA:10,0
DA:11,0
DA:12,0
DA:13,0
DA:14,0
DA:15,0
DA:17,0
DA:18,0
DA:21,0
DA:27,3
LF:17
LH:8
BRDA:8,0,0,2
BRDA:8,0,1,0
BRDA:10,1,0,0
BRDA:10,1,1,0
BRDA:14,2,0,0
BRDA:14,2,1,0
BRF:6
BRH:1
end_of_record
